c:\users\bifen\downloads\2 on 1\modskls15 skeleton\debug\vc141.pdb
c:\users\bifen\downloads\2 on 1\modskls15 skeleton\debug\vc141.idb
c:\users\bifen\downloads\2 on 1\modskls15 skeleton\debug\bitmap.obj
c:\users\bifen\downloads\2 on 1\modskls15 skeleton\debug\camera.obj
c:\users\bifen\downloads\2 on 1\modskls15 skeleton\debug\flock.obj
c:\users\bifen\downloads\2 on 1\modskls15 skeleton\debug\modelerapp.obj
c:\users\bifen\downloads\2 on 1\modskls15 skeleton\debug\modelerdraw.obj
c:\users\bifen\downloads\2 on 1\modskls15 skeleton\debug\modelerui.obj
c:\users\bifen\downloads\2 on 1\modskls15 skeleton\debug\modelerview.obj
c:\users\bifen\downloads\2 on 1\modskls15 skeleton\debug\plant.obj
c:\users\bifen\downloads\2 on 1\modskls15 skeleton\debug\plyloader.obj
c:\users\bifen\downloads\2 on 1\modskls15 skeleton\debug\modeler.ilk
c:\users\bifen\downloads\2 on 1\modskls15 skeleton\debug\modeler.exe
c:\users\bifen\downloads\2 on 1\modskls15 skeleton\debug\modeler.pdb
c:\users\bifen\downloads\2 on 1\modskls15 skeleton\.\debug\modeler.exe
c:\users\bifen\downloads\2 on 1\modskls15 skeleton\debug\modeler.tlog\cl.command.1.tlog
c:\users\bifen\downloads\2 on 1\modskls15 skeleton\debug\modeler.tlog\cl.read.1.tlog
c:\users\bifen\downloads\2 on 1\modskls15 skeleton\debug\modeler.tlog\cl.write.1.tlog
c:\users\bifen\downloads\2 on 1\modskls15 skeleton\debug\modeler.tlog\link.command.1.tlog
c:\users\bifen\downloads\2 on 1\modskls15 skeleton\debug\modeler.tlog\link.read.1.tlog
c:\users\bifen\downloads\2 on 1\modskls15 skeleton\debug\modeler.tlog\link.write.1.tlog
